\BOOKMARK [1][-]{section.1}{Wstep}{}% 1
\BOOKMARK [1][-]{section.2}{Diagram klas}{}% 2
\BOOKMARK [1][-]{section.3}{Opis klas/metod}{}% 3
\BOOKMARK [2][-]{subsection.3.1}{Klasa GroupOfVisionaires}{section.3}% 4
\BOOKMARK [3][-]{subsubsection.3.1.1}{Metoda checkArgs}{subsection.3.1}% 5
\BOOKMARK [3][-]{subsubsection.3.1.2}{Metoda main}{subsection.3.1}% 6
\BOOKMARK [2][-]{subsection.3.2}{Klasa DataReader}{section.3}% 7
\BOOKMARK [3][-]{subsubsection.3.2.1}{Metoda readData}{subsection.3.2}% 8
\BOOKMARK [2][-]{subsection.3.3}{Klasa CurrencyMatrix}{section.3}% 9
\BOOKMARK [3][-]{subsubsection.3.3.1}{Konstruktor klasy CurrencyMatrix}{subsection.3.3}% 10
\BOOKMARK [2][-]{subsection.3.4}{Klasa Currency}{section.3}% 11
\BOOKMARK [2][-]{subsection.3.5}{Klasa ExchangeRate}{section.3}% 12
\BOOKMARK [2][-]{subsection.3.6}{Klasa ExchangeSearcher}{section.3}% 13
\BOOKMARK [3][-]{subsubsection.3.6.1}{Metoda searchForArbitrage}{subsection.3.6}% 14
\BOOKMARK [3][-]{subsubsection.3.6.2}{Metoda searchForBestExchange}{subsection.3.6}% 15
\BOOKMARK [1][-]{section.4}{Dzia\233anie programu i zastosowanie algorytmu}{}% 16
\BOOKMARK [1][-]{section.5}{Testy jednostkowe}{}% 17
\BOOKMARK [2][-]{subsection.5.1}{Testy klas Currency i ExchangeRate}{section.5}% 18
\BOOKMARK [2][-]{subsection.5.2}{Testy klasy CurrencyMatrix}{section.5}% 19
\BOOKMARK [2][-]{subsection.5.3}{Testy klasy ExchangeSearcher}{section.5}% 20
\BOOKMARK [2][-]{subsection.5.4}{Testy klasy DataReader}{section.5}% 21
\BOOKMARK [2][-]{subsection.5.5}{Testy klasy GroupOfVisionaires}{section.5}% 22
